Usage: python -m celery [OPTIONS] COMMAND [ARGS]...
Try 'python -m celery --help' for help.

Error: 
Unable to load celery application.
While trying to load the module celery_app.celery the following error occurred:
Traceback (most recent call last):
  File "/home/kali/Proyectos/cybersecurity/environments/dev4-improvements/platform/backend/venv/lib/python3.13/site-packages/celery/bin/celery.py", line 141, in celery
    app = find_app(app)
  File "/home/kali/Proyectos/cybersecurity/environments/dev4-improvements/platform/backend/venv/lib/python3.13/site-packages/celery/app/utils.py", line 383, in find_app
    sym = symbol_by_name(app, imp=imp)
  File "/home/kali/Proyectos/cybersecurity/environments/dev4-improvements/platform/backend/venv/lib/python3.13/site-packages/kombu/utils/imports.py", line 59, in symbol_by_name
    module = imp(module_name, package=package, **kwargs)
  File "/home/kali/Proyectos/cybersecurity/environments/dev4-improvements/platform/backend/venv/lib/python3.13/site-packages/celery/utils/imports.py", line 109, in import_from_cwd
    return imp(module, package=package)
  File "/usr/lib/python3.13/importlib/__init__.py", line 88, in import_module
    return _bootstrap._gcd_import(name[level:], package, level)
           ~~~~~~~~~~~~~~~~~~~~~~^^^^^^^^^^^^^^^^^^^^^^^^^^^^^^
  File "<frozen importlib._bootstrap>", line 1387, in _gcd_import
  File "<frozen importlib._bootstrap>", line 1360, in _find_and_load
  File "<frozen importlib._bootstrap>", line 1331, in _find_and_load_unlocked
  File "<frozen importlib._bootstrap>", line 935, in _load_unlocked
  File "<frozen importlib._bootstrap_external>", line 1027, in exec_module
  File "<frozen importlib._bootstrap>", line 488, in _call_with_frames_removed
  File "/home/kali/Proyectos/cybersecurity/environments/dev4-improvements/platform/backend/celery_app.py", line 117, in <module>
    from tasks import scanning_tasks, exploitation_tasks, ad_tasks, reporting_tasks, mobile_tasks, container_tasks, brute_force_tasks
  File "/home/kali/Proyectos/cybersecurity/environments/dev4-improvements/platform/backend/tasks/reporting_tasks.py", line 15, in <module>
    from services.reporting import ReportingService
  File "/home/kali/Proyectos/cybersecurity/environments/dev4-improvements/platform/backend/services/__init__.py", line 24, in <module>
    from .reporting import ReportingService
  File "/home/kali/Proyectos/cybersecurity/environments/dev4-improvements/platform/backend/services/reporting/__init__.py", line 8, in <module>
    from .reporting_service import ReportingService
  File "/home/kali/Proyectos/cybersecurity/environments/dev4-improvements/platform/backend/services/reporting/reporting_service.py", line 28, in <module>
    from services.reporting.generators import (
    ...<10 lines>...
    )
  File "/home/kali/Proyectos/cybersecurity/environments/dev4-improvements/platform/backend/services/reporting/generators/__init__.py", line 12, in <module>
    from .scan_generator import generate_scan_summary
  File "/home/kali/Proyectos/cybersecurity/environments/dev4-improvements/platform/backend/services/reporting/generators/scan_generator.py", line 10, in <module>
    from services.reporting.utils.helpers import calculate_duration
  File "/home/kali/Proyectos/cybersecurity/environments/dev4-improvements/platform/backend/services/reporting/utils/__init__.py", line 8, in <module>
    from .chart_builder import ChartBuilder
  File "/home/kali/Proyectos/cybersecurity/environments/dev4-improvements/platform/backend/services/reporting/utils/chart_builder.py", line 14, in <module>
    import plotly.graph_objects as go
ModuleNotFoundError: No module named 'plotly'

