2025-11-23 07:37:12,958 INFO sqlalchemy.engine.Engine BEGIN (implicit)
2025-11-23 07:37:12 - sqlalchemy.engine.Engine - INFO - BEGIN (implicit)
2025-11-23 07:37:12,959 INFO sqlalchemy.engine.Engine PRAGMA main.table_info("users")
2025-11-23 07:37:12 - sqlalchemy.engine.Engine - INFO - PRAGMA main.table_info("users")
2025-11-23 07:37:12,959 INFO sqlalchemy.engine.Engine [raw sql] ()
2025-11-23 07:37:12 - sqlalchemy.engine.Engine - INFO - [raw sql] ()
2025-11-23 07:37:12,962 INFO sqlalchemy.engine.Engine PRAGMA main.table_info("workspaces")
2025-11-23 07:37:12 - sqlalchemy.engine.Engine - INFO - PRAGMA main.table_info("workspaces")
2025-11-23 07:37:12,962 INFO sqlalchemy.engine.Engine [raw sql] ()
2025-11-23 07:37:12 - sqlalchemy.engine.Engine - INFO - [raw sql] ()
2025-11-23 07:37:12,963 INFO sqlalchemy.engine.Engine PRAGMA main.table_info("scans")
2025-11-23 07:37:12 - sqlalchemy.engine.Engine - INFO - PRAGMA main.table_info("scans")
2025-11-23 07:37:12,963 INFO sqlalchemy.engine.Engine [raw sql] ()
2025-11-23 07:37:12 - sqlalchemy.engine.Engine - INFO - [raw sql] ()
2025-11-23 07:37:12,963 INFO sqlalchemy.engine.Engine PRAGMA main.table_info("scan_results")
2025-11-23 07:37:12 - sqlalchemy.engine.Engine - INFO - PRAGMA main.table_info("scan_results")
2025-11-23 07:37:12,963 INFO sqlalchemy.engine.Engine [raw sql] ()
2025-11-23 07:37:12 - sqlalchemy.engine.Engine - INFO - [raw sql] ()
2025-11-23 07:37:12,964 INFO sqlalchemy.engine.Engine PRAGMA main.table_info("vulnerabilities")
2025-11-23 07:37:12 - sqlalchemy.engine.Engine - INFO - PRAGMA main.table_info("vulnerabilities")
2025-11-23 07:37:12,964 INFO sqlalchemy.engine.Engine [raw sql] ()
2025-11-23 07:37:12 - sqlalchemy.engine.Engine - INFO - [raw sql] ()
2025-11-23 07:37:12,965 INFO sqlalchemy.engine.Engine PRAGMA main.table_info("reports")
2025-11-23 07:37:12 - sqlalchemy.engine.Engine - INFO - PRAGMA main.table_info("reports")
2025-11-23 07:37:12,965 INFO sqlalchemy.engine.Engine [raw sql] ()
2025-11-23 07:37:12 - sqlalchemy.engine.Engine - INFO - [raw sql] ()
2025-11-23 07:37:12,966 INFO sqlalchemy.engine.Engine PRAGMA main.table_info("audit_logs")
2025-11-23 07:37:12 - sqlalchemy.engine.Engine - INFO - PRAGMA main.table_info("audit_logs")
2025-11-23 07:37:12,966 INFO sqlalchemy.engine.Engine [raw sql] ()
2025-11-23 07:37:12 - sqlalchemy.engine.Engine - INFO - [raw sql] ()
2025-11-23 07:37:12,967 INFO sqlalchemy.engine.Engine COMMIT
2025-11-23 07:37:12 - sqlalchemy.engine.Engine - INFO - COMMIT
2025-11-23 07:37:12 - __main__ - INFO - ✅ Aplicación iniciada en modo development
2025-11-23 07:37:12 - werkzeug - WARNING - Werkzeug appears to be used in a production deployment. Consider switching to a production web server instead.
 * Serving Flask app 'app'
 * Debug mode: on
2025-11-23 07:37:17,178 INFO sqlalchemy.engine.Engine BEGIN (implicit)
2025-11-23 07:37:17 - sqlalchemy.engine.Engine - INFO - BEGIN (implicit)
2025-11-23 07:37:17,179 INFO sqlalchemy.engine.Engine PRAGMA main.table_info("users")
2025-11-23 07:37:17 - sqlalchemy.engine.Engine - INFO - PRAGMA main.table_info("users")
2025-11-23 07:37:17,179 INFO sqlalchemy.engine.Engine [raw sql] ()
2025-11-23 07:37:17 - sqlalchemy.engine.Engine - INFO - [raw sql] ()
2025-11-23 07:37:17,180 INFO sqlalchemy.engine.Engine PRAGMA main.table_info("workspaces")
2025-11-23 07:37:17 - sqlalchemy.engine.Engine - INFO - PRAGMA main.table_info("workspaces")
2025-11-23 07:37:17,180 INFO sqlalchemy.engine.Engine [raw sql] ()
2025-11-23 07:37:17 - sqlalchemy.engine.Engine - INFO - [raw sql] ()
2025-11-23 07:37:17,181 INFO sqlalchemy.engine.Engine PRAGMA main.table_info("scans")
2025-11-23 07:37:17 - sqlalchemy.engine.Engine - INFO - PRAGMA main.table_info("scans")
2025-11-23 07:37:17,181 INFO sqlalchemy.engine.Engine [raw sql] ()
2025-11-23 07:37:17 - sqlalchemy.engine.Engine - INFO - [raw sql] ()
2025-11-23 07:37:17,182 INFO sqlalchemy.engine.Engine PRAGMA main.table_info("scan_results")
2025-11-23 07:37:17 - sqlalchemy.engine.Engine - INFO - PRAGMA main.table_info("scan_results")
2025-11-23 07:37:17,182 INFO sqlalchemy.engine.Engine [raw sql] ()
2025-11-23 07:37:17 - sqlalchemy.engine.Engine - INFO - [raw sql] ()
2025-11-23 07:37:17,182 INFO sqlalchemy.engine.Engine PRAGMA main.table_info("vulnerabilities")
2025-11-23 07:37:17 - sqlalchemy.engine.Engine - INFO - PRAGMA main.table_info("vulnerabilities")
2025-11-23 07:37:17,182 INFO sqlalchemy.engine.Engine [raw sql] ()
2025-11-23 07:37:17 - sqlalchemy.engine.Engine - INFO - [raw sql] ()
2025-11-23 07:37:17,183 INFO sqlalchemy.engine.Engine PRAGMA main.table_info("reports")
2025-11-23 07:37:17 - sqlalchemy.engine.Engine - INFO - PRAGMA main.table_info("reports")
2025-11-23 07:37:17,183 INFO sqlalchemy.engine.Engine [raw sql] ()
2025-11-23 07:37:17 - sqlalchemy.engine.Engine - INFO - [raw sql] ()
2025-11-23 07:37:17,183 INFO sqlalchemy.engine.Engine PRAGMA main.table_info("audit_logs")
2025-11-23 07:37:17 - sqlalchemy.engine.Engine - INFO - PRAGMA main.table_info("audit_logs")
2025-11-23 07:37:17,183 INFO sqlalchemy.engine.Engine [raw sql] ()
2025-11-23 07:37:17 - sqlalchemy.engine.Engine - INFO - [raw sql] ()
2025-11-23 07:37:17,183 INFO sqlalchemy.engine.Engine COMMIT
2025-11-23 07:37:17 - sqlalchemy.engine.Engine - INFO - COMMIT
2025-11-23 07:37:17 - __main__ - INFO - ✅ Aplicación iniciada en modo development
2025-11-23 07:37:17 - werkzeug - WARNING - Werkzeug appears to be used in a production deployment. Consider switching to a production web server instead.
2025-11-23 07:37:17 - werkzeug - WARNING -  * Debugger is active!
2025-11-23 07:37:50,103 INFO sqlalchemy.engine.Engine BEGIN (implicit)
2025-11-23 07:37:50 - sqlalchemy.engine.Engine - INFO - BEGIN (implicit)
2025-11-23 07:37:50,110 INFO sqlalchemy.engine.Engine SELECT users.id AS users_id, users.username AS users_username, users.email AS users_email, users.password_hash AS users_password_hash, users.role AS users_role, users.is_active AS users_is_active, users.is_verified AS users_is_verified, users.created_at AS users_created_at, users.updated_at AS users_updated_at, users.last_login AS users_last_login 
FROM users 
WHERE users.username = ?
 LIMIT ? OFFSET ?
2025-11-23 07:37:50 - sqlalchemy.engine.Engine - INFO - SELECT users.id AS users_id, users.username AS users_username, users.email AS users_email, users.password_hash AS users_password_hash, users.role AS users_role, users.is_active AS users_is_active, users.is_verified AS users_is_verified, users.created_at AS users_created_at, users.updated_at AS users_updated_at, users.last_login AS users_last_login 
FROM users 
WHERE users.username = ?
 LIMIT ? OFFSET ?
2025-11-23 07:37:50,110 INFO sqlalchemy.engine.Engine [generated in 0.00033s] ('admin', 1, 0)
2025-11-23 07:37:50 - sqlalchemy.engine.Engine - INFO - [generated in 0.00033s] ('admin', 1, 0)
2025-11-23 07:37:50,387 INFO sqlalchemy.engine.Engine UPDATE users SET updated_at=?, last_login=? WHERE users.id = ?
2025-11-23 07:37:50 - sqlalchemy.engine.Engine - INFO - UPDATE users SET updated_at=?, last_login=? WHERE users.id = ?
2025-11-23 07:37:50,387 INFO sqlalchemy.engine.Engine [generated in 0.00031s] ('2025-11-23 12:37:50.387369', '2025-11-23 12:37:50.384279', 1)
2025-11-23 07:37:50 - sqlalchemy.engine.Engine - INFO - [generated in 0.00031s] ('2025-11-23 12:37:50.387369', '2025-11-23 12:37:50.384279', 1)
2025-11-23 07:37:50,393 INFO sqlalchemy.engine.Engine INSERT INTO audit_logs (user_id, action, resource_type, resource_id, ip_address, user_agent, success, error_message, created_at) VALUES (?, ?, ?, ?, ?, ?, ?, ?, ?)
2025-11-23 07:37:50 - sqlalchemy.engine.Engine - INFO - INSERT INTO audit_logs (user_id, action, resource_type, resource_id, ip_address, user_agent, success, error_message, created_at) VALUES (?, ?, ?, ?, ?, ?, ?, ?, ?)
2025-11-23 07:37:50,393 INFO sqlalchemy.engine.Engine [generated in 0.00047s] (1, 'login_success', None, None, '127.0.0.1', 'curl/8.15.0', 1, None, '2025-11-23 12:37:50.392992')
2025-11-23 07:37:50 - sqlalchemy.engine.Engine - INFO - [generated in 0.00047s] (1, 'login_success', None, None, '127.0.0.1', 'curl/8.15.0', 1, None, '2025-11-23 12:37:50.392992')
2025-11-23 07:37:50,394 INFO sqlalchemy.engine.Engine COMMIT
2025-11-23 07:37:50 - sqlalchemy.engine.Engine - INFO - COMMIT
2025-11-23 07:37:50,400 INFO sqlalchemy.engine.Engine BEGIN (implicit)
2025-11-23 07:37:50 - sqlalchemy.engine.Engine - INFO - BEGIN (implicit)
2025-11-23 07:37:50,401 INFO sqlalchemy.engine.Engine SELECT users.id AS users_id, users.username AS users_username, users.email AS users_email, users.password_hash AS users_password_hash, users.role AS users_role, users.is_active AS users_is_active, users.is_verified AS users_is_verified, users.created_at AS users_created_at, users.updated_at AS users_updated_at, users.last_login AS users_last_login 
FROM users 
WHERE users.id = ?
2025-11-23 07:37:50 - sqlalchemy.engine.Engine - INFO - SELECT users.id AS users_id, users.username AS users_username, users.email AS users_email, users.password_hash AS users_password_hash, users.role AS users_role, users.is_active AS users_is_active, users.is_verified AS users_is_verified, users.created_at AS users_created_at, users.updated_at AS users_updated_at, users.last_login AS users_last_login 
FROM users 
WHERE users.id = ?
2025-11-23 07:37:50,401 INFO sqlalchemy.engine.Engine [generated in 0.00018s] (1,)
2025-11-23 07:37:50 - sqlalchemy.engine.Engine - INFO - [generated in 0.00018s] (1,)
2025-11-23 07:37:50 - api.v1.auth - INFO - Login exitoso: admin
2025-11-23 07:37:50,404 INFO sqlalchemy.engine.Engine ROLLBACK
2025-11-23 07:37:50 - sqlalchemy.engine.Engine - INFO - ROLLBACK
2025-11-23 07:37:55,454 INFO sqlalchemy.engine.Engine BEGIN (implicit)
2025-11-23 07:37:55 - sqlalchemy.engine.Engine - INFO - BEGIN (implicit)
2025-11-23 07:37:55,454 INFO sqlalchemy.engine.Engine SELECT users.id AS users_id, users.username AS users_username, users.email AS users_email, users.password_hash AS users_password_hash, users.role AS users_role, users.is_active AS users_is_active, users.is_verified AS users_is_verified, users.created_at AS users_created_at, users.updated_at AS users_updated_at, users.last_login AS users_last_login 
FROM users 
WHERE users.username = ?
 LIMIT ? OFFSET ?
2025-11-23 07:37:55 - sqlalchemy.engine.Engine - INFO - SELECT users.id AS users_id, users.username AS users_username, users.email AS users_email, users.password_hash AS users_password_hash, users.role AS users_role, users.is_active AS users_is_active, users.is_verified AS users_is_verified, users.created_at AS users_created_at, users.updated_at AS users_updated_at, users.last_login AS users_last_login 
FROM users 
WHERE users.username = ?
 LIMIT ? OFFSET ?
2025-11-23 07:37:55,454 INFO sqlalchemy.engine.Engine [cached since 5.345s ago] ('admin', 1, 0)
2025-11-23 07:37:55 - sqlalchemy.engine.Engine - INFO - [cached since 5.345s ago] ('admin', 1, 0)
2025-11-23 07:37:55,740 INFO sqlalchemy.engine.Engine UPDATE users SET updated_at=?, last_login=? WHERE users.id = ?
2025-11-23 07:37:55 - sqlalchemy.engine.Engine - INFO - UPDATE users SET updated_at=?, last_login=? WHERE users.id = ?
2025-11-23 07:37:55,741 INFO sqlalchemy.engine.Engine [cached since 5.354s ago] ('2025-11-23 12:37:55.740671', '2025-11-23 12:37:55.738952', 1)
2025-11-23 07:37:55 - sqlalchemy.engine.Engine - INFO - [cached since 5.354s ago] ('2025-11-23 12:37:55.740671', '2025-11-23 12:37:55.738952', 1)
2025-11-23 07:37:55,742 INFO sqlalchemy.engine.Engine INSERT INTO audit_logs (user_id, action, resource_type, resource_id, ip_address, user_agent, success, error_message, created_at) VALUES (?, ?, ?, ?, ?, ?, ?, ?, ?)
2025-11-23 07:37:55 - sqlalchemy.engine.Engine - INFO - INSERT INTO audit_logs (user_id, action, resource_type, resource_id, ip_address, user_agent, success, error_message, created_at) VALUES (?, ?, ?, ?, ?, ?, ?, ?, ?)
2025-11-23 07:37:55,742 INFO sqlalchemy.engine.Engine [cached since 5.35s ago] (1, 'login_success', None, None, '192.168.0.6', 'Mozilla/5.0 (Macintosh; Intel Mac OS X 10_15_7) AppleWebKit/537.36 (KHTML, like Gecko) Chrome/142.0.0.0 Safari/537.36', 1, None, '2025-11-23 12:37:55.742147')
2025-11-23 07:37:55 - sqlalchemy.engine.Engine - INFO - [cached since 5.35s ago] (1, 'login_success', None, None, '192.168.0.6', 'Mozilla/5.0 (Macintosh; Intel Mac OS X 10_15_7) AppleWebKit/537.36 (KHTML, like Gecko) Chrome/142.0.0.0 Safari/537.36', 1, None, '2025-11-23 12:37:55.742147')
2025-11-23 07:37:55,743 INFO sqlalchemy.engine.Engine COMMIT
2025-11-23 07:37:55 - sqlalchemy.engine.Engine - INFO - COMMIT
2025-11-23 07:37:55,768 INFO sqlalchemy.engine.Engine BEGIN (implicit)
2025-11-23 07:37:55 - sqlalchemy.engine.Engine - INFO - BEGIN (implicit)
2025-11-23 07:37:55,769 INFO sqlalchemy.engine.Engine SELECT users.id AS users_id, users.username AS users_username, users.email AS users_email, users.password_hash AS users_password_hash, users.role AS users_role, users.is_active AS users_is_active, users.is_verified AS users_is_verified, users.created_at AS users_created_at, users.updated_at AS users_updated_at, users.last_login AS users_last_login 
FROM users 
WHERE users.id = ?
2025-11-23 07:37:55 - sqlalchemy.engine.Engine - INFO - SELECT users.id AS users_id, users.username AS users_username, users.email AS users_email, users.password_hash AS users_password_hash, users.role AS users_role, users.is_active AS users_is_active, users.is_verified AS users_is_verified, users.created_at AS users_created_at, users.updated_at AS users_updated_at, users.last_login AS users_last_login 
FROM users 
WHERE users.id = ?
2025-11-23 07:37:55,769 INFO sqlalchemy.engine.Engine [cached since 5.368s ago] (1,)
2025-11-23 07:37:55 - sqlalchemy.engine.Engine - INFO - [cached since 5.368s ago] (1,)
2025-11-23 07:37:55 - api.v1.auth - INFO - Login exitoso: admin
2025-11-23 07:37:55,770 INFO sqlalchemy.engine.Engine ROLLBACK
2025-11-23 07:37:55 - sqlalchemy.engine.Engine - INFO - ROLLBACK
2025-11-23 07:37:55,899 INFO sqlalchemy.engine.Engine BEGIN (implicit)
2025-11-23 07:37:55 - sqlalchemy.engine.Engine - INFO - BEGIN (implicit)
2025-11-23 07:37:55,904 INFO sqlalchemy.engine.Engine SELECT workspaces.id AS workspaces_id, workspaces.name AS workspaces_name, workspaces.description AS workspaces_description, workspaces.client_name AS workspaces_client_name, workspaces.client_contact AS workspaces_client_contact, workspaces.is_active AS workspaces_is_active, workspaces.created_at AS workspaces_created_at, workspaces.updated_at AS workspaces_updated_at, workspaces.owner_id AS workspaces_owner_id 
FROM workspaces 
WHERE workspaces.owner_id = ? AND workspaces.is_active = 1 ORDER BY workspaces.created_at DESC
2025-11-23 07:37:55 - sqlalchemy.engine.Engine - INFO - SELECT workspaces.id AS workspaces_id, workspaces.name AS workspaces_name, workspaces.description AS workspaces_description, workspaces.client_name AS workspaces_client_name, workspaces.client_contact AS workspaces_client_contact, workspaces.is_active AS workspaces_is_active, workspaces.created_at AS workspaces_created_at, workspaces.updated_at AS workspaces_updated_at, workspaces.owner_id AS workspaces_owner_id 
FROM workspaces 
WHERE workspaces.owner_id = ? AND workspaces.is_active = 1 ORDER BY workspaces.created_at DESC
2025-11-23 07:37:55,904 INFO sqlalchemy.engine.Engine [generated in 0.00036s] (1,)
2025-11-23 07:37:55 - sqlalchemy.engine.Engine - INFO - [generated in 0.00036s] (1,)
2025-11-23 07:37:55,910 INFO sqlalchemy.engine.Engine ROLLBACK
2025-11-23 07:37:55 - sqlalchemy.engine.Engine - INFO - ROLLBACK
2025-11-23 07:37:56,163 INFO sqlalchemy.engine.Engine BEGIN (implicit)
2025-11-23 07:37:56 - sqlalchemy.engine.Engine - INFO - BEGIN (implicit)
2025-11-23 07:37:56,172 INFO sqlalchemy.engine.Engine SELECT scans.id AS scans_id, scans.scan_type AS scans_scan_type, scans.target AS scans_target, scans.status AS scans_status, scans.options AS scans_options, scans.progress AS scans_progress, scans.output AS scans_output, scans.error AS scans_error, scans.started_at AS scans_started_at, scans.completed_at AS scans_completed_at, scans.created_at AS scans_created_at, scans.workspace_id AS scans_workspace_id, scans.user_id AS scans_user_id 
FROM scans 
WHERE scans.user_id = ? AND scans.workspace_id = ? ORDER BY scans.created_at DESC
2025-11-23 07:37:56 - sqlalchemy.engine.Engine - INFO - SELECT scans.id AS scans_id, scans.scan_type AS scans_scan_type, scans.target AS scans_target, scans.status AS scans_status, scans.options AS scans_options, scans.progress AS scans_progress, scans.output AS scans_output, scans.error AS scans_error, scans.started_at AS scans_started_at, scans.completed_at AS scans_completed_at, scans.created_at AS scans_created_at, scans.workspace_id AS scans_workspace_id, scans.user_id AS scans_user_id 
FROM scans 
WHERE scans.user_id = ? AND scans.workspace_id = ? ORDER BY scans.created_at DESC
2025-11-23 07:37:56,173 INFO sqlalchemy.engine.Engine [generated in 0.00085s] ('1', 1)
2025-11-23 07:37:56 - websockets - INFO - ✅ Cliente conectado: Z16gCjaeEqYUQTM-AAAC
emitting event "connection_established" to Z16gCjaeEqYUQTM-AAAC [/]
2025-11-23 07:37:56 - socketio.server - INFO - emitting event "connection_established" to Z16gCjaeEqYUQTM-AAAC [/]
2025-11-23 07:37:56 - sqlalchemy.engine.Engine - INFO - [generated in 0.00085s] ('1', 1)
2025-11-23 07:37:56 - werkzeug - ERROR - Error on request:
Traceback (most recent call last):
  File "/home/kali/.local/lib/python3.13/site-packages/werkzeug/serving.py", line 364, in run_wsgi
    execute(self.server.app)
    ~~~~~~~^^^^^^^^^^^^^^^^^
  File "/home/kali/.local/lib/python3.13/site-packages/werkzeug/serving.py", line 330, in execute
    write(b"")
    ~~~~~^^^^^
  File "/home/kali/.local/lib/python3.13/site-packages/werkzeug/serving.py", line 255, in write
    assert status_set is not None, "write() before start_response"
           ^^^^^^^^^^^^^^^^^^^^^^
AssertionError: write() before start_response
2025-11-23 07:37:56,191 INFO sqlalchemy.engine.Engine ROLLBACK
2025-11-23 07:37:56 - sqlalchemy.engine.Engine - INFO - ROLLBACK
received event "join_workspace" from Z16gCjaeEqYUQTM-AAAC [/]
2025-11-23 07:37:56 - socketio.server - INFO - received event "join_workspace" from Z16gCjaeEqYUQTM-AAAC [/]
Z16gCjaeEqYUQTM-AAAC is entering room workspace_1 [/]
2025-11-23 07:37:56 - socketio.server - INFO - Z16gCjaeEqYUQTM-AAAC is entering room workspace_1 [/]
2025-11-23 07:37:56 - websockets - INFO - 👥 Cliente Z16gCjaeEqYUQTM-AAAC joined room: workspace_1
received event "join_workspace" from Z16gCjaeEqYUQTM-AAAC [/]
2025-11-23 07:37:56 - socketio.server - INFO - received event "join_workspace" from Z16gCjaeEqYUQTM-AAAC [/]
emitting event "joined_workspace" to Z16gCjaeEqYUQTM-AAAC [/]
2025-11-23 07:37:56 - socketio.server - INFO - emitting event "joined_workspace" to Z16gCjaeEqYUQTM-AAAC [/]
Z16gCjaeEqYUQTM-AAAC is entering room workspace_1 [/]
2025-11-23 07:37:56 - socketio.server - INFO - Z16gCjaeEqYUQTM-AAAC is entering room workspace_1 [/]
2025-11-23 07:37:56 - websockets - INFO - 👥 Cliente Z16gCjaeEqYUQTM-AAAC joined room: workspace_1
emitting event "joined_workspace" to Z16gCjaeEqYUQTM-AAAC [/]
2025-11-23 07:37:56 - socketio.server - INFO - emitting event "joined_workspace" to Z16gCjaeEqYUQTM-AAAC [/]
received event "join_workspace" from Z16gCjaeEqYUQTM-AAAC [/]
2025-11-23 07:37:56 - socketio.server - INFO - received event "join_workspace" from Z16gCjaeEqYUQTM-AAAC [/]
Z16gCjaeEqYUQTM-AAAC is entering room workspace_1 [/]
2025-11-23 07:37:56 - socketio.server - INFO - Z16gCjaeEqYUQTM-AAAC is entering room workspace_1 [/]
received event "join_workspace" from Z16gCjaeEqYUQTM-AAAC [/]
2025-11-23 07:37:56 - socketio.server - INFO - received event "join_workspace" from Z16gCjaeEqYUQTM-AAAC [/]
2025-11-23 07:37:56 - websockets - INFO - 👥 Cliente Z16gCjaeEqYUQTM-AAAC joined room: workspace_1
emitting event "joined_workspace" to Z16gCjaeEqYUQTM-AAAC [/]
2025-11-23 07:37:56 - socketio.server - INFO - emitting event "joined_workspace" to Z16gCjaeEqYUQTM-AAAC [/]
Z16gCjaeEqYUQTM-AAAC is entering room workspace_1 [/]
2025-11-23 07:37:56 - socketio.server - INFO - Z16gCjaeEqYUQTM-AAAC is entering room workspace_1 [/]
2025-11-23 07:37:56 - websockets - INFO - 👥 Cliente Z16gCjaeEqYUQTM-AAAC joined room: workspace_1
emitting event "joined_workspace" to Z16gCjaeEqYUQTM-AAAC [/]
2025-11-23 07:37:56 - socketio.server - INFO - emitting event "joined_workspace" to Z16gCjaeEqYUQTM-AAAC [/]
received event "join_workspace" from Z16gCjaeEqYUQTM-AAAC [/]
2025-11-23 07:37:56 - socketio.server - INFO - received event "join_workspace" from Z16gCjaeEqYUQTM-AAAC [/]
Z16gCjaeEqYUQTM-AAAC is entering room workspace_1 [/]
2025-11-23 07:37:56 - socketio.server - INFO - Z16gCjaeEqYUQTM-AAAC is entering room workspace_1 [/]
2025-11-23 07:37:56 - websockets - INFO - 👥 Cliente Z16gCjaeEqYUQTM-AAAC joined room: workspace_1
emitting event "joined_workspace" to Z16gCjaeEqYUQTM-AAAC [/]
2025-11-23 07:37:56 - socketio.server - INFO - emitting event "joined_workspace" to Z16gCjaeEqYUQTM-AAAC [/]
received event "leave_workspace" from Z16gCjaeEqYUQTM-AAAC [/]
2025-11-23 07:37:57 - socketio.server - INFO - received event "leave_workspace" from Z16gCjaeEqYUQTM-AAAC [/]
Z16gCjaeEqYUQTM-AAAC is leaving room workspace_1 [/]
2025-11-23 07:37:57 - socketio.server - INFO - Z16gCjaeEqYUQTM-AAAC is leaving room workspace_1 [/]
2025-11-23 07:37:57 - websockets - INFO - 👋 Cliente Z16gCjaeEqYUQTM-AAAC left room: workspace_1
emitting event "left_workspace" to Z16gCjaeEqYUQTM-AAAC [/]
2025-11-23 07:37:57 - socketio.server - INFO - emitting event "left_workspace" to Z16gCjaeEqYUQTM-AAAC [/]
received event "leave_workspace" from Z16gCjaeEqYUQTM-AAAC [/]
2025-11-23 07:37:57 - socketio.server - INFO - received event "leave_workspace" from Z16gCjaeEqYUQTM-AAAC [/]
Z16gCjaeEqYUQTM-AAAC is leaving room workspace_1 [/]
2025-11-23 07:37:57 - socketio.server - INFO - Z16gCjaeEqYUQTM-AAAC is leaving room workspace_1 [/]
2025-11-23 07:37:57 - websockets - INFO - 👋 Cliente Z16gCjaeEqYUQTM-AAAC left room: workspace_1
emitting event "left_workspace" to Z16gCjaeEqYUQTM-AAAC [/]
2025-11-23 07:37:57 - socketio.server - INFO - emitting event "left_workspace" to Z16gCjaeEqYUQTM-AAAC [/]
received event "join_workspace" from Z16gCjaeEqYUQTM-AAAC [/]
2025-11-23 07:37:57 - socketio.server - INFO - received event "join_workspace" from Z16gCjaeEqYUQTM-AAAC [/]
Z16gCjaeEqYUQTM-AAAC is entering room workspace_1 [/]
2025-11-23 07:37:57 - socketio.server - INFO - Z16gCjaeEqYUQTM-AAAC is entering room workspace_1 [/]
2025-11-23 07:37:57 - websockets - INFO - 👥 Cliente Z16gCjaeEqYUQTM-AAAC joined room: workspace_1
emitting event "joined_workspace" to Z16gCjaeEqYUQTM-AAAC [/]
2025-11-23 07:37:57 - socketio.server - INFO - emitting event "joined_workspace" to Z16gCjaeEqYUQTM-AAAC [/]
received event "join_workspace" from Z16gCjaeEqYUQTM-AAAC [/]
2025-11-23 07:37:57 - socketio.server - INFO - received event "join_workspace" from Z16gCjaeEqYUQTM-AAAC [/]
Z16gCjaeEqYUQTM-AAAC is entering room workspace_1 [/]
2025-11-23 07:37:57 - socketio.server - INFO - Z16gCjaeEqYUQTM-AAAC is entering room workspace_1 [/]
2025-11-23 07:37:57 - websockets - INFO - 👥 Cliente Z16gCjaeEqYUQTM-AAAC joined room: workspace_1
emitting event "joined_workspace" to Z16gCjaeEqYUQTM-AAAC [/]
2025-11-23 07:37:57 - socketio.server - INFO - emitting event "joined_workspace" to Z16gCjaeEqYUQTM-AAAC [/]
received event "leave_workspace" from Z16gCjaeEqYUQTM-AAAC [/]
2025-11-23 07:37:57 - socketio.server - INFO - received event "leave_workspace" from Z16gCjaeEqYUQTM-AAAC [/]
Z16gCjaeEqYUQTM-AAAC is leaving room workspace_1 [/]
2025-11-23 07:37:57 - socketio.server - INFO - Z16gCjaeEqYUQTM-AAAC is leaving room workspace_1 [/]
2025-11-23 07:37:57 - websockets - INFO - 👋 Cliente Z16gCjaeEqYUQTM-AAAC left room: workspace_1
emitting event "left_workspace" to Z16gCjaeEqYUQTM-AAAC [/]
2025-11-23 07:37:57 - socketio.server - INFO - emitting event "left_workspace" to Z16gCjaeEqYUQTM-AAAC [/]
received event "leave_workspace" from Z16gCjaeEqYUQTM-AAAC [/]
2025-11-23 07:37:57 - socketio.server - INFO - received event "leave_workspace" from Z16gCjaeEqYUQTM-AAAC [/]
Z16gCjaeEqYUQTM-AAAC is leaving room workspace_1 [/]
2025-11-23 07:37:57 - socketio.server - INFO - Z16gCjaeEqYUQTM-AAAC is leaving room workspace_1 [/]
2025-11-23 07:37:57 - websockets - INFO - 👋 Cliente Z16gCjaeEqYUQTM-AAAC left room: workspace_1
emitting event "left_workspace" to Z16gCjaeEqYUQTM-AAAC [/]
2025-11-23 07:37:57 - socketio.server - INFO - emitting event "left_workspace" to Z16gCjaeEqYUQTM-AAAC [/]
received event "join_workspace" from Z16gCjaeEqYUQTM-AAAC [/]
2025-11-23 07:37:57 - socketio.server - INFO - received event "join_workspace" from Z16gCjaeEqYUQTM-AAAC [/]
Z16gCjaeEqYUQTM-AAAC is entering room workspace_1 [/]
2025-11-23 07:37:57 - socketio.server - INFO - Z16gCjaeEqYUQTM-AAAC is entering room workspace_1 [/]
2025-11-23 07:37:57 - websockets - INFO - 👥 Cliente Z16gCjaeEqYUQTM-AAAC joined room: workspace_1
emitting event "joined_workspace" to Z16gCjaeEqYUQTM-AAAC [/]
2025-11-23 07:37:57 - socketio.server - INFO - emitting event "joined_workspace" to Z16gCjaeEqYUQTM-AAAC [/]
received event "join_workspace" from Z16gCjaeEqYUQTM-AAAC [/]
2025-11-23 07:37:57 - socketio.server - INFO - received event "join_workspace" from Z16gCjaeEqYUQTM-AAAC [/]
Z16gCjaeEqYUQTM-AAAC is entering room workspace_1 [/]
2025-11-23 07:37:57 - socketio.server - INFO - Z16gCjaeEqYUQTM-AAAC is entering room workspace_1 [/]
2025-11-23 07:37:57 - websockets - INFO - 👥 Cliente Z16gCjaeEqYUQTM-AAAC joined room: workspace_1
emitting event "joined_workspace" to Z16gCjaeEqYUQTM-AAAC [/]
2025-11-23 07:37:57 - socketio.server - INFO - emitting event "joined_workspace" to Z16gCjaeEqYUQTM-AAAC [/]
received event "leave_workspace" from Z16gCjaeEqYUQTM-AAAC [/]
2025-11-23 07:38:04 - socketio.server - INFO - received event "leave_workspace" from Z16gCjaeEqYUQTM-AAAC [/]
Z16gCjaeEqYUQTM-AAAC is leaving room workspace_1 [/]
2025-11-23 07:38:04 - socketio.server - INFO - Z16gCjaeEqYUQTM-AAAC is leaving room workspace_1 [/]
2025-11-23 07:38:04 - websockets - INFO - 👋 Cliente Z16gCjaeEqYUQTM-AAAC left room: workspace_1
emitting event "left_workspace" to Z16gCjaeEqYUQTM-AAAC [/]
2025-11-23 07:38:04 - socketio.server - INFO - emitting event "left_workspace" to Z16gCjaeEqYUQTM-AAAC [/]
received event "leave_workspace" from Z16gCjaeEqYUQTM-AAAC [/]
2025-11-23 07:38:04 - socketio.server - INFO - received event "leave_workspace" from Z16gCjaeEqYUQTM-AAAC [/]
Z16gCjaeEqYUQTM-AAAC is leaving room workspace_1 [/]
2025-11-23 07:38:04 - socketio.server - INFO - Z16gCjaeEqYUQTM-AAAC is leaving room workspace_1 [/]
2025-11-23 07:38:04 - websockets - INFO - 👋 Cliente Z16gCjaeEqYUQTM-AAAC left room: workspace_1
emitting event "left_workspace" to Z16gCjaeEqYUQTM-AAAC [/]
2025-11-23 07:38:04 - socketio.server - INFO - emitting event "left_workspace" to Z16gCjaeEqYUQTM-AAAC [/]
received event "leave_workspace" from Z16gCjaeEqYUQTM-AAAC [/]
2025-11-23 07:38:04 - socketio.server - INFO - received event "leave_workspace" from Z16gCjaeEqYUQTM-AAAC [/]
Z16gCjaeEqYUQTM-AAAC is leaving room workspace_1 [/]
2025-11-23 07:38:04 - socketio.server - INFO - Z16gCjaeEqYUQTM-AAAC is leaving room workspace_1 [/]
2025-11-23 07:38:04 - websockets - INFO - 👋 Cliente Z16gCjaeEqYUQTM-AAAC left room: workspace_1
emitting event "left_workspace" to Z16gCjaeEqYUQTM-AAAC [/]
2025-11-23 07:38:04 - socketio.server - INFO - emitting event "left_workspace" to Z16gCjaeEqYUQTM-AAAC [/]
received event "leave_workspace" from Z16gCjaeEqYUQTM-AAAC [/]
2025-11-23 07:38:04 - socketio.server - INFO - received event "leave_workspace" from Z16gCjaeEqYUQTM-AAAC [/]
Z16gCjaeEqYUQTM-AAAC is leaving room workspace_1 [/]
2025-11-23 07:38:04 - socketio.server - INFO - Z16gCjaeEqYUQTM-AAAC is leaving room workspace_1 [/]
2025-11-23 07:38:04 - websockets - INFO - 👋 Cliente Z16gCjaeEqYUQTM-AAAC left room: workspace_1
emitting event "left_workspace" to Z16gCjaeEqYUQTM-AAAC [/]
2025-11-23 07:38:04 - socketio.server - INFO - emitting event "left_workspace" to Z16gCjaeEqYUQTM-AAAC [/]
2025-11-23 07:38:06,155 INFO sqlalchemy.engine.Engine BEGIN (implicit)
2025-11-23 07:38:06 - sqlalchemy.engine.Engine - INFO - BEGIN (implicit)
2025-11-23 07:38:06,156 INFO sqlalchemy.engine.Engine SELECT scans.id AS scans_id, scans.scan_type AS scans_scan_type, scans.target AS scans_target, scans.status AS scans_status, scans.options AS scans_options, scans.progress AS scans_progress, scans.output AS scans_output, scans.error AS scans_error, scans.started_at AS scans_started_at, scans.completed_at AS scans_completed_at, scans.created_at AS scans_created_at, scans.workspace_id AS scans_workspace_id, scans.user_id AS scans_user_id 
FROM scans 
WHERE scans.user_id = ? AND scans.workspace_id = ? ORDER BY scans.created_at DESC
2025-11-23 07:38:06 - sqlalchemy.engine.Engine - INFO - SELECT scans.id AS scans_id, scans.scan_type AS scans_scan_type, scans.target AS scans_target, scans.status AS scans_status, scans.options AS scans_options, scans.progress AS scans_progress, scans.output AS scans_output, scans.error AS scans_error, scans.started_at AS scans_started_at, scans.completed_at AS scans_completed_at, scans.created_at AS scans_created_at, scans.workspace_id AS scans_workspace_id, scans.user_id AS scans_user_id 
FROM scans 
WHERE scans.user_id = ? AND scans.workspace_id = ? ORDER BY scans.created_at DESC
2025-11-23 07:38:06,157 INFO sqlalchemy.engine.Engine [cached since 9.985s ago] ('1', 1)
2025-11-23 07:38:06 - sqlalchemy.engine.Engine - INFO - [cached since 9.985s ago] ('1', 1)
2025-11-23 07:38:06,159 INFO sqlalchemy.engine.Engine ROLLBACK
2025-11-23 07:38:06 - sqlalchemy.engine.Engine - INFO - ROLLBACK
received event "join_workspace" from Z16gCjaeEqYUQTM-AAAC [/]
2025-11-23 07:38:07 - socketio.server - INFO - received event "join_workspace" from Z16gCjaeEqYUQTM-AAAC [/]
Z16gCjaeEqYUQTM-AAAC is entering room workspace_1 [/]
2025-11-23 07:38:07 - socketio.server - INFO - Z16gCjaeEqYUQTM-AAAC is entering room workspace_1 [/]
2025-11-23 07:38:07 - websockets - INFO - 👥 Cliente Z16gCjaeEqYUQTM-AAAC joined room: workspace_1
emitting event "joined_workspace" to Z16gCjaeEqYUQTM-AAAC [/]
2025-11-23 07:38:07 - socketio.server - INFO - emitting event "joined_workspace" to Z16gCjaeEqYUQTM-AAAC [/]
received event "leave_workspace" from Z16gCjaeEqYUQTM-AAAC [/]
2025-11-23 07:38:07 - socketio.server - INFO - received event "leave_workspace" from Z16gCjaeEqYUQTM-AAAC [/]
Z16gCjaeEqYUQTM-AAAC is leaving room workspace_1 [/]
2025-11-23 07:38:07 - socketio.server - INFO - Z16gCjaeEqYUQTM-AAAC is leaving room workspace_1 [/]
2025-11-23 07:38:07 - websockets - INFO - 👋 Cliente Z16gCjaeEqYUQTM-AAAC left room: workspace_1
emitting event "left_workspace" to Z16gCjaeEqYUQTM-AAAC [/]
2025-11-23 07:38:07 - socketio.server - INFO - emitting event "left_workspace" to Z16gCjaeEqYUQTM-AAAC [/]
received event "join_workspace" from Z16gCjaeEqYUQTM-AAAC [/]
2025-11-23 07:38:07 - socketio.server - INFO - received event "join_workspace" from Z16gCjaeEqYUQTM-AAAC [/]
Z16gCjaeEqYUQTM-AAAC is entering room workspace_1 [/]
2025-11-23 07:38:07 - socketio.server - INFO - Z16gCjaeEqYUQTM-AAAC is entering room workspace_1 [/]
2025-11-23 07:38:07 - websockets - INFO - 👥 Cliente Z16gCjaeEqYUQTM-AAAC joined room: workspace_1
emitting event "joined_workspace" to Z16gCjaeEqYUQTM-AAAC [/]
2025-11-23 07:38:07 - socketio.server - INFO - emitting event "joined_workspace" to Z16gCjaeEqYUQTM-AAAC [/]
received event "leave_workspace" from Z16gCjaeEqYUQTM-AAAC [/]
2025-11-23 07:38:11 - socketio.server - INFO - received event "leave_workspace" from Z16gCjaeEqYUQTM-AAAC [/]
Z16gCjaeEqYUQTM-AAAC is leaving room workspace_1 [/]
2025-11-23 07:38:11 - socketio.server - INFO - Z16gCjaeEqYUQTM-AAAC is leaving room workspace_1 [/]
2025-11-23 07:38:11 - websockets - INFO - 👋 Cliente Z16gCjaeEqYUQTM-AAAC left room: workspace_1
emitting event "left_workspace" to Z16gCjaeEqYUQTM-AAAC [/]
2025-11-23 07:38:11 - socketio.server - INFO - emitting event "left_workspace" to Z16gCjaeEqYUQTM-AAAC [/]
received event "ping" from Z16gCjaeEqYUQTM-AAAC [/]
2025-11-23 07:38:20 - socketio.server - INFO - received event "ping" from Z16gCjaeEqYUQTM-AAAC [/]
emitting event "pong" to Z16gCjaeEqYUQTM-AAAC [/]
2025-11-23 07:38:20 - socketio.server - INFO - emitting event "pong" to Z16gCjaeEqYUQTM-AAAC [/]
received event "ping" from Z16gCjaeEqYUQTM-AAAC [/]
2025-11-23 07:38:46 - socketio.server - INFO - received event "ping" from Z16gCjaeEqYUQTM-AAAC [/]
emitting event "pong" to Z16gCjaeEqYUQTM-AAAC [/]
2025-11-23 07:38:46 - socketio.server - INFO - emitting event "pong" to Z16gCjaeEqYUQTM-AAAC [/]
received event "ping" from Z16gCjaeEqYUQTM-AAAC [/]
2025-11-23 07:39:11 - socketio.server - INFO - received event "ping" from Z16gCjaeEqYUQTM-AAAC [/]
emitting event "pong" to Z16gCjaeEqYUQTM-AAAC [/]
2025-11-23 07:39:11 - socketio.server - INFO - emitting event "pong" to Z16gCjaeEqYUQTM-AAAC [/]
received event "ping" from Z16gCjaeEqYUQTM-AAAC [/]
2025-11-23 07:39:36 - socketio.server - INFO - received event "ping" from Z16gCjaeEqYUQTM-AAAC [/]
emitting event "pong" to Z16gCjaeEqYUQTM-AAAC [/]
2025-11-23 07:39:36 - socketio.server - INFO - emitting event "pong" to Z16gCjaeEqYUQTM-AAAC [/]
received event "join_workspace" from Z16gCjaeEqYUQTM-AAAC [/]
2025-11-23 07:39:56 - socketio.server - INFO - received event "join_workspace" from Z16gCjaeEqYUQTM-AAAC [/]
Z16gCjaeEqYUQTM-AAAC is entering room workspace_1 [/]
2025-11-23 07:39:56 - socketio.server - INFO - Z16gCjaeEqYUQTM-AAAC is entering room workspace_1 [/]
2025-11-23 07:39:56 - websockets - INFO - 👥 Cliente Z16gCjaeEqYUQTM-AAAC joined room: workspace_1
received event "leave_workspace" from Z16gCjaeEqYUQTM-AAAC [/]
2025-11-23 07:39:56 - socketio.server - INFO - received event "leave_workspace" from Z16gCjaeEqYUQTM-AAAC [/]
emitting event "joined_workspace" to Z16gCjaeEqYUQTM-AAAC [/]
2025-11-23 07:39:56 - socketio.server - INFO - emitting event "joined_workspace" to Z16gCjaeEqYUQTM-AAAC [/]
Z16gCjaeEqYUQTM-AAAC is leaving room workspace_1 [/]
2025-11-23 07:39:56 - socketio.server - INFO - Z16gCjaeEqYUQTM-AAAC is leaving room workspace_1 [/]
2025-11-23 07:39:56 - websockets - INFO - 👋 Cliente Z16gCjaeEqYUQTM-AAAC left room: workspace_1
received event "join_workspace" from Z16gCjaeEqYUQTM-AAAC [/]
2025-11-23 07:39:56 - socketio.server - INFO - received event "join_workspace" from Z16gCjaeEqYUQTM-AAAC [/]
emitting event "left_workspace" to Z16gCjaeEqYUQTM-AAAC [/]
2025-11-23 07:39:56 - socketio.server - INFO - emitting event "left_workspace" to Z16gCjaeEqYUQTM-AAAC [/]
Z16gCjaeEqYUQTM-AAAC is entering room workspace_1 [/]
2025-11-23 07:39:56 - socketio.server - INFO - Z16gCjaeEqYUQTM-AAAC is entering room workspace_1 [/]
2025-11-23 07:39:56 - websockets - INFO - 👥 Cliente Z16gCjaeEqYUQTM-AAAC joined room: workspace_1
emitting event "joined_workspace" to Z16gCjaeEqYUQTM-AAAC [/]
2025-11-23 07:39:56 - socketio.server - INFO - emitting event "joined_workspace" to Z16gCjaeEqYUQTM-AAAC [/]
received event "ping" from Z16gCjaeEqYUQTM-AAAC [/]
2025-11-23 07:40:01 - socketio.server - INFO - received event "ping" from Z16gCjaeEqYUQTM-AAAC [/]
emitting event "pong" to Z16gCjaeEqYUQTM-AAAC [/]
2025-11-23 07:40:01 - socketio.server - INFO - emitting event "pong" to Z16gCjaeEqYUQTM-AAAC [/]
received event "leave_workspace" from Z16gCjaeEqYUQTM-AAAC [/]
2025-11-23 07:40:05 - socketio.server - INFO - received event "leave_workspace" from Z16gCjaeEqYUQTM-AAAC [/]
Z16gCjaeEqYUQTM-AAAC is leaving room workspace_1 [/]
2025-11-23 07:40:05 - socketio.server - INFO - Z16gCjaeEqYUQTM-AAAC is leaving room workspace_1 [/]
2025-11-23 07:40:05 - websockets - INFO - 👋 Cliente Z16gCjaeEqYUQTM-AAAC left room: workspace_1
emitting event "left_workspace" to Z16gCjaeEqYUQTM-AAAC [/]
2025-11-23 07:40:05 - socketio.server - INFO - emitting event "left_workspace" to Z16gCjaeEqYUQTM-AAAC [/]
received event "ping" from Z16gCjaeEqYUQTM-AAAC [/]
2025-11-23 07:40:26 - socketio.server - INFO - received event "ping" from Z16gCjaeEqYUQTM-AAAC [/]
emitting event "pong" to Z16gCjaeEqYUQTM-AAAC [/]
2025-11-23 07:40:26 - socketio.server - INFO - emitting event "pong" to Z16gCjaeEqYUQTM-AAAC [/]
received event "ping" from Z16gCjaeEqYUQTM-AAAC [/]
2025-11-23 07:40:51 - socketio.server - INFO - received event "ping" from Z16gCjaeEqYUQTM-AAAC [/]
emitting event "pong" to Z16gCjaeEqYUQTM-AAAC [/]
2025-11-23 07:40:51 - socketio.server - INFO - emitting event "pong" to Z16gCjaeEqYUQTM-AAAC [/]
received event "ping" from Z16gCjaeEqYUQTM-AAAC [/]
2025-11-23 07:41:52 - socketio.server - INFO - received event "ping" from Z16gCjaeEqYUQTM-AAAC [/]
emitting event "pong" to Z16gCjaeEqYUQTM-AAAC [/]
2025-11-23 07:41:52 - socketio.server - INFO - emitting event "pong" to Z16gCjaeEqYUQTM-AAAC [/]
received event "ping" from Z16gCjaeEqYUQTM-AAAC [/]
2025-11-23 07:42:54 - socketio.server - INFO - received event "ping" from Z16gCjaeEqYUQTM-AAAC [/]
emitting event "pong" to Z16gCjaeEqYUQTM-AAAC [/]
2025-11-23 07:42:54 - socketio.server - INFO - emitting event "pong" to Z16gCjaeEqYUQTM-AAAC [/]
received event "ping" from Z16gCjaeEqYUQTM-AAAC [/]
2025-11-23 07:43:54 - socketio.server - INFO - received event "ping" from Z16gCjaeEqYUQTM-AAAC [/]
emitting event "pong" to Z16gCjaeEqYUQTM-AAAC [/]
2025-11-23 07:43:54 - socketio.server - INFO - emitting event "pong" to Z16gCjaeEqYUQTM-AAAC [/]
received event "ping" from Z16gCjaeEqYUQTM-AAAC [/]
2025-11-23 07:44:54 - socketio.server - INFO - received event "ping" from Z16gCjaeEqYUQTM-AAAC [/]
emitting event "pong" to Z16gCjaeEqYUQTM-AAAC [/]
2025-11-23 07:44:54 - socketio.server - INFO - emitting event "pong" to Z16gCjaeEqYUQTM-AAAC [/]
received event "ping" from Z16gCjaeEqYUQTM-AAAC [/]
2025-11-23 07:45:54 - socketio.server - INFO - received event "ping" from Z16gCjaeEqYUQTM-AAAC [/]
emitting event "pong" to Z16gCjaeEqYUQTM-AAAC [/]
2025-11-23 07:45:54 - socketio.server - INFO - emitting event "pong" to Z16gCjaeEqYUQTM-AAAC [/]
received event "ping" from Z16gCjaeEqYUQTM-AAAC [/]
2025-11-23 07:46:55 - socketio.server - INFO - received event "ping" from Z16gCjaeEqYUQTM-AAAC [/]
emitting event "pong" to Z16gCjaeEqYUQTM-AAAC [/]
2025-11-23 07:46:55 - socketio.server - INFO - emitting event "pong" to Z16gCjaeEqYUQTM-AAAC [/]
received event "ping" from Z16gCjaeEqYUQTM-AAAC [/]
2025-11-23 07:47:55 - socketio.server - INFO - received event "ping" from Z16gCjaeEqYUQTM-AAAC [/]
emitting event "pong" to Z16gCjaeEqYUQTM-AAAC [/]
2025-11-23 07:47:55 - socketio.server - INFO - emitting event "pong" to Z16gCjaeEqYUQTM-AAAC [/]
received event "ping" from Z16gCjaeEqYUQTM-AAAC [/]
2025-11-23 07:48:53 - socketio.server - INFO - received event "ping" from Z16gCjaeEqYUQTM-AAAC [/]
emitting event "pong" to Z16gCjaeEqYUQTM-AAAC [/]
2025-11-23 07:48:53 - socketio.server - INFO - emitting event "pong" to Z16gCjaeEqYUQTM-AAAC [/]
received event "ping" from Z16gCjaeEqYUQTM-AAAC [/]
2025-11-23 07:49:13 - socketio.server - INFO - received event "ping" from Z16gCjaeEqYUQTM-AAAC [/]
emitting event "pong" to Z16gCjaeEqYUQTM-AAAC [/]
2025-11-23 07:49:13 - socketio.server - INFO - emitting event "pong" to Z16gCjaeEqYUQTM-AAAC [/]
2025-11-23 07:49:29 - websockets - INFO - ❌ Cliente desconectado: Z16gCjaeEqYUQTM-AAAC
2025-11-23 07:49:29 - werkzeug - ERROR - Error on request:
Traceback (most recent call last):
  File "/home/kali/.local/lib/python3.13/site-packages/werkzeug/serving.py", line 364, in run_wsgi
    execute(self.server.app)
    ~~~~~~~^^^^^^^^^^^^^^^^^
  File "/home/kali/.local/lib/python3.13/site-packages/werkzeug/serving.py", line 330, in execute
    write(b"")
    ~~~~~^^^^^
  File "/home/kali/.local/lib/python3.13/site-packages/werkzeug/serving.py", line 255, in write
    assert status_set is not None, "write() before start_response"
           ^^^^^^^^^^^^^^^^^^^^^^
AssertionError: write() before start_response
2025-11-23 07:49:38,082 INFO sqlalchemy.engine.Engine BEGIN (implicit)
2025-11-23 07:49:38 - sqlalchemy.engine.Engine - INFO - BEGIN (implicit)
2025-11-23 07:49:38,108 INFO sqlalchemy.engine.Engine SELECT users.id AS users_id, users.username AS users_username, users.email AS users_email, users.password_hash AS users_password_hash, users.role AS users_role, users.is_active AS users_is_active, users.is_verified AS users_is_verified, users.created_at AS users_created_at, users.updated_at AS users_updated_at, users.last_login AS users_last_login 
FROM users 
WHERE users.id = ?
2025-11-23 07:49:38 - sqlalchemy.engine.Engine - INFO - SELECT users.id AS users_id, users.username AS users_username, users.email AS users_email, users.password_hash AS users_password_hash, users.role AS users_role, users.is_active AS users_is_active, users.is_verified AS users_is_verified, users.created_at AS users_created_at, users.updated_at AS users_updated_at, users.last_login AS users_last_login 
FROM users 
WHERE users.id = ?
2025-11-23 07:49:38,110 INFO sqlalchemy.engine.Engine [generated in 0.00346s] ('1',)
2025-11-23 07:49:38 - sqlalchemy.engine.Engine - INFO - [generated in 0.00346s] ('1',)
2025-11-23 07:49:38,121 INFO sqlalchemy.engine.Engine ROLLBACK
2025-11-23 07:49:38 - sqlalchemy.engine.Engine - INFO - ROLLBACK
2025-11-23 07:49:38,137 INFO sqlalchemy.engine.Engine BEGIN (implicit)
2025-11-23 07:49:38 - sqlalchemy.engine.Engine - INFO - BEGIN (implicit)
2025-11-23 07:49:38,138 INFO sqlalchemy.engine.Engine SELECT users.id AS users_id, users.username AS users_username, users.email AS users_email, users.password_hash AS users_password_hash, users.role AS users_role, users.is_active AS users_is_active, users.is_verified AS users_is_verified, users.created_at AS users_created_at, users.updated_at AS users_updated_at, users.last_login AS users_last_login 
FROM users 
WHERE users.id = ?
2025-11-23 07:49:38 - sqlalchemy.engine.Engine - INFO - SELECT users.id AS users_id, users.username AS users_username, users.email AS users_email, users.password_hash AS users_password_hash, users.role AS users_role, users.is_active AS users_is_active, users.is_verified AS users_is_verified, users.created_at AS users_created_at, users.updated_at AS users_updated_at, users.last_login AS users_last_login 
FROM users 
WHERE users.id = ?
2025-11-23 07:49:38,138 INFO sqlalchemy.engine.Engine [cached since 0.03302s ago] ('1',)
2025-11-23 07:49:38 - sqlalchemy.engine.Engine - INFO - [cached since 0.03302s ago] ('1',)
2025-11-23 07:49:38,143 INFO sqlalchemy.engine.Engine ROLLBACK
2025-11-23 07:49:38 - sqlalchemy.engine.Engine - INFO - ROLLBACK
2025-11-23 07:49:38,154 INFO sqlalchemy.engine.Engine BEGIN (implicit)
2025-11-23 07:49:38 - sqlalchemy.engine.Engine - INFO - BEGIN (implicit)
2025-11-23 07:49:38,161 INFO sqlalchemy.engine.Engine INSERT INTO audit_logs (user_id, action, resource_type, resource_id, ip_address, user_agent, success, error_message, created_at) VALUES (?, ?, ?, ?, ?, ?, ?, ?, ?)
2025-11-23 07:49:38 - sqlalchemy.engine.Engine - INFO - INSERT INTO audit_logs (user_id, action, resource_type, resource_id, ip_address, user_agent, success, error_message, created_at) VALUES (?, ?, ?, ?, ?, ?, ?, ?, ?)
2025-11-23 07:49:38,162 INFO sqlalchemy.engine.Engine [cached since 707.8s ago] ('1', 'logout', None, None, '192.168.0.6', None, 1, None, '2025-11-23 12:49:38.159346')
2025-11-23 07:49:38 - sqlalchemy.engine.Engine - INFO - [cached since 707.8s ago] ('1', 'logout', None, None, '192.168.0.6', None, 1, None, '2025-11-23 12:49:38.159346')
2025-11-23 07:49:38,166 INFO sqlalchemy.engine.Engine BEGIN (implicit)
2025-11-23 07:49:38 - sqlalchemy.engine.Engine - INFO - BEGIN (implicit)
2025-11-23 07:49:38,167 INFO sqlalchemy.engine.Engine INSERT INTO audit_logs (user_id, action, resource_type, resource_id, ip_address, user_agent, success, error_message, created_at) VALUES (?, ?, ?, ?, ?, ?, ?, ?, ?)
2025-11-23 07:49:38 - sqlalchemy.engine.Engine - INFO - INSERT INTO audit_logs (user_id, action, resource_type, resource_id, ip_address, user_agent, success, error_message, created_at) VALUES (?, ?, ?, ?, ?, ?, ?, ?, ?)
2025-11-23 07:49:38,167 INFO sqlalchemy.engine.Engine [cached since 707.8s ago] ('1', 'logout', None, None, '192.168.0.6', None, 1, None, '2025-11-23 12:49:38.167257')
2025-11-23 07:49:38 - sqlalchemy.engine.Engine - INFO - [cached since 707.8s ago] ('1', 'logout', None, None, '192.168.0.6', None, 1, None, '2025-11-23 12:49:38.167257')
2025-11-23 07:49:38,169 INFO sqlalchemy.engine.Engine COMMIT
2025-11-23 07:49:38 - sqlalchemy.engine.Engine - INFO - COMMIT
2025-11-23 07:49:38,192 INFO sqlalchemy.engine.Engine COMMIT
2025-11-23 07:49:38 - sqlalchemy.engine.Engine - INFO - COMMIT
2025-11-23 07:57:04,914 INFO sqlalchemy.engine.Engine BEGIN (implicit)
2025-11-23 07:57:04 - sqlalchemy.engine.Engine - INFO - BEGIN (implicit)
2025-11-23 07:57:04,999 INFO sqlalchemy.engine.Engine SELECT users.id AS users_id, users.username AS users_username, users.email AS users_email, users.password_hash AS users_password_hash, users.role AS users_role, users.is_active AS users_is_active, users.is_verified AS users_is_verified, users.created_at AS users_created_at, users.updated_at AS users_updated_at, users.last_login AS users_last_login 
FROM users 
WHERE users.username = ?
 LIMIT ? OFFSET ?
2025-11-23 07:57:04 - sqlalchemy.engine.Engine - INFO - SELECT users.id AS users_id, users.username AS users_username, users.email AS users_email, users.password_hash AS users_password_hash, users.role AS users_role, users.is_active AS users_is_active, users.is_verified AS users_is_verified, users.created_at AS users_created_at, users.updated_at AS users_updated_at, users.last_login AS users_last_login 
FROM users 
WHERE users.username = ?
 LIMIT ? OFFSET ?
2025-11-23 07:57:05,002 INFO sqlalchemy.engine.Engine [cached since 1155s ago] ('admin', 1, 0)
2025-11-23 07:57:05 - sqlalchemy.engine.Engine - INFO - [cached since 1155s ago] ('admin', 1, 0)
2025-11-23 07:57:05,686 INFO sqlalchemy.engine.Engine UPDATE users SET updated_at=?, last_login=? WHERE users.id = ?
2025-11-23 07:57:05 - sqlalchemy.engine.Engine - INFO - UPDATE users SET updated_at=?, last_login=? WHERE users.id = ?
2025-11-23 07:57:05,689 INFO sqlalchemy.engine.Engine [cached since 1155s ago] ('2025-11-23 12:57:05.680378', '2025-11-23 12:57:05.640709', 1)
2025-11-23 07:57:05 - sqlalchemy.engine.Engine - INFO - [cached since 1155s ago] ('2025-11-23 12:57:05.680378', '2025-11-23 12:57:05.640709', 1)
2025-11-23 07:57:05,717 INFO sqlalchemy.engine.Engine INSERT INTO audit_logs (user_id, action, resource_type, resource_id, ip_address, user_agent, success, error_message, created_at) VALUES (?, ?, ?, ?, ?, ?, ?, ?, ?)
2025-11-23 07:57:05 - sqlalchemy.engine.Engine - INFO - INSERT INTO audit_logs (user_id, action, resource_type, resource_id, ip_address, user_agent, success, error_message, created_at) VALUES (?, ?, ?, ?, ?, ?, ?, ?, ?)
2025-11-23 07:57:05,718 INFO sqlalchemy.engine.Engine [cached since 1155s ago] (1, 'login_success', None, None, '192.168.0.6', 'Mozilla/5.0 (Macintosh; Intel Mac OS X 10_15_7) AppleWebKit/537.36 (KHTML, like Gecko) Chrome/142.0.0.0 Safari/537.36', 1, None, '2025-11-23 12:57:05.717554')
2025-11-23 07:57:05 - sqlalchemy.engine.Engine - INFO - [cached since 1155s ago] (1, 'login_success', None, None, '192.168.0.6', 'Mozilla/5.0 (Macintosh; Intel Mac OS X 10_15_7) AppleWebKit/537.36 (KHTML, like Gecko) Chrome/142.0.0.0 Safari/537.36', 1, None, '2025-11-23 12:57:05.717554')
2025-11-23 07:57:05,725 INFO sqlalchemy.engine.Engine COMMIT
2025-11-23 07:57:05 - sqlalchemy.engine.Engine - INFO - COMMIT
2025-11-23 07:57:05,852 INFO sqlalchemy.engine.Engine BEGIN (implicit)
2025-11-23 07:57:05 - sqlalchemy.engine.Engine - INFO - BEGIN (implicit)
2025-11-23 07:57:05,854 INFO sqlalchemy.engine.Engine SELECT users.id AS users_id, users.username AS users_username, users.email AS users_email, users.password_hash AS users_password_hash, users.role AS users_role, users.is_active AS users_is_active, users.is_verified AS users_is_verified, users.created_at AS users_created_at, users.updated_at AS users_updated_at, users.last_login AS users_last_login 
FROM users 
WHERE users.id = ?
2025-11-23 07:57:05 - sqlalchemy.engine.Engine - INFO - SELECT users.id AS users_id, users.username AS users_username, users.email AS users_email, users.password_hash AS users_password_hash, users.role AS users_role, users.is_active AS users_is_active, users.is_verified AS users_is_verified, users.created_at AS users_created_at, users.updated_at AS users_updated_at, users.last_login AS users_last_login 
FROM users 
WHERE users.id = ?
2025-11-23 07:57:05,855 INFO sqlalchemy.engine.Engine [cached since 1155s ago] (1,)
2025-11-23 07:57:05 - sqlalchemy.engine.Engine - INFO - [cached since 1155s ago] (1,)
2025-11-23 07:57:05 - api.v1.auth - INFO - Login exitoso: admin
2025-11-23 07:57:05,880 INFO sqlalchemy.engine.Engine ROLLBACK
2025-11-23 07:57:05 - sqlalchemy.engine.Engine - INFO - ROLLBACK
2025-11-23 07:57:06,385 INFO sqlalchemy.engine.Engine BEGIN (implicit)
2025-11-23 07:57:06 - sqlalchemy.engine.Engine - INFO - BEGIN (implicit)
2025-11-23 07:57:06,390 INFO sqlalchemy.engine.Engine SELECT workspaces.id AS workspaces_id, workspaces.name AS workspaces_name, workspaces.description AS workspaces_description, workspaces.client_name AS workspaces_client_name, workspaces.client_contact AS workspaces_client_contact, workspaces.is_active AS workspaces_is_active, workspaces.created_at AS workspaces_created_at, workspaces.updated_at AS workspaces_updated_at, workspaces.owner_id AS workspaces_owner_id 
FROM workspaces 
WHERE workspaces.owner_id = ? AND workspaces.is_active = 1 ORDER BY workspaces.created_at DESC
2025-11-23 07:57:06 - sqlalchemy.engine.Engine - INFO - SELECT workspaces.id AS workspaces_id, workspaces.name AS workspaces_name, workspaces.description AS workspaces_description, workspaces.client_name AS workspaces_client_name, workspaces.client_contact AS workspaces_client_contact, workspaces.is_active AS workspaces_is_active, workspaces.created_at AS workspaces_created_at, workspaces.updated_at AS workspaces_updated_at, workspaces.owner_id AS workspaces_owner_id 
FROM workspaces 
WHERE workspaces.owner_id = ? AND workspaces.is_active = 1 ORDER BY workspaces.created_at DESC
2025-11-23 07:57:06,403 INFO sqlalchemy.engine.Engine [cached since 1150s ago] (1,)
2025-11-23 07:57:06 - sqlalchemy.engine.Engine - INFO - [cached since 1150s ago] (1,)
2025-11-23 07:57:06,486 INFO sqlalchemy.engine.Engine BEGIN (implicit)
2025-11-23 07:57:06 - sqlalchemy.engine.Engine - INFO - BEGIN (implicit)
2025-11-23 07:57:06,487 INFO sqlalchemy.engine.Engine SELECT scans.id AS scans_id, scans.scan_type AS scans_scan_type, scans.target AS scans_target, scans.status AS scans_status, scans.options AS scans_options, scans.progress AS scans_progress, scans.output AS scans_output, scans.error AS scans_error, scans.started_at AS scans_started_at, scans.completed_at AS scans_completed_at, scans.created_at AS scans_created_at, scans.workspace_id AS scans_workspace_id, scans.user_id AS scans_user_id 
FROM scans 
WHERE scans.user_id = ? AND scans.workspace_id = ? ORDER BY scans.created_at DESC
2025-11-23 07:57:06 - sqlalchemy.engine.Engine - INFO - SELECT scans.id AS scans_id, scans.scan_type AS scans_scan_type, scans.target AS scans_target, scans.status AS scans_status, scans.options AS scans_options, scans.progress AS scans_progress, scans.output AS scans_output, scans.error AS scans_error, scans.started_at AS scans_started_at, scans.completed_at AS scans_completed_at, scans.created_at AS scans_created_at, scans.workspace_id AS scans_workspace_id, scans.user_id AS scans_user_id 
FROM scans 
WHERE scans.user_id = ? AND scans.workspace_id = ? ORDER BY scans.created_at DESC
2025-11-23 07:57:06,490 INFO sqlalchemy.engine.Engine [cached since 1150s ago] ('1', 1)
2025-11-23 07:57:06 - sqlalchemy.engine.Engine - INFO - [cached since 1150s ago] ('1', 1)
2025-11-23 07:57:06,506 INFO sqlalchemy.engine.Engine ROLLBACK
2025-11-23 07:57:06 - sqlalchemy.engine.Engine - INFO - ROLLBACK
2025-11-23 07:57:06,580 INFO sqlalchemy.engine.Engine ROLLBACK
2025-11-23 07:57:06 - sqlalchemy.engine.Engine - INFO - ROLLBACK
2025-11-23 07:57:06 - werkzeug - ERROR - Error on request:
Traceback (most recent call last):
  File "/home/kali/.local/lib/python3.13/site-packages/werkzeug/serving.py", line 364, in run_wsgi
    execute(self.server.app)
    ~~~~~~~^^^^^^^^^^^^^^^^^
  File "/home/kali/.local/lib/python3.13/site-packages/werkzeug/serving.py", line 330, in execute
    write(b"")
    ~~~~~^^^^^
  File "/home/kali/.local/lib/python3.13/site-packages/werkzeug/serving.py", line 255, in write
    assert status_set is not None, "write() before start_response"
           ^^^^^^^^^^^^^^^^^^^^^^
AssertionError: write() before start_response
2025-11-23 07:57:06 - websockets - INFO - ✅ Cliente conectado: x_4EIThrPQUpZSUqAAAF
emitting event "connection_established" to x_4EIThrPQUpZSUqAAAF [/]
2025-11-23 07:57:06 - socketio.server - INFO - emitting event "connection_established" to x_4EIThrPQUpZSUqAAAF [/]
received event "join_workspace" from x_4EIThrPQUpZSUqAAAF [/]
2025-11-23 07:57:06 - socketio.server - INFO - received event "join_workspace" from x_4EIThrPQUpZSUqAAAF [/]
x_4EIThrPQUpZSUqAAAF is entering room workspace_1 [/]
2025-11-23 07:57:06 - socketio.server - INFO - x_4EIThrPQUpZSUqAAAF is entering room workspace_1 [/]
2025-11-23 07:57:06 - websockets - INFO - 👥 Cliente x_4EIThrPQUpZSUqAAAF joined room: workspace_1
emitting event "joined_workspace" to x_4EIThrPQUpZSUqAAAF [/]
2025-11-23 07:57:06 - socketio.server - INFO - emitting event "joined_workspace" to x_4EIThrPQUpZSUqAAAF [/]
received event "join_workspace" from x_4EIThrPQUpZSUqAAAF [/]
2025-11-23 07:57:06 - socketio.server - INFO - received event "join_workspace" from x_4EIThrPQUpZSUqAAAF [/]
x_4EIThrPQUpZSUqAAAF is entering room workspace_1 [/]
2025-11-23 07:57:06 - socketio.server - INFO - x_4EIThrPQUpZSUqAAAF is entering room workspace_1 [/]
2025-11-23 07:57:06 - websockets - INFO - 👥 Cliente x_4EIThrPQUpZSUqAAAF joined room: workspace_1
emitting event "joined_workspace" to x_4EIThrPQUpZSUqAAAF [/]
2025-11-23 07:57:06 - socketio.server - INFO - emitting event "joined_workspace" to x_4EIThrPQUpZSUqAAAF [/]
received event "join_workspace" from x_4EIThrPQUpZSUqAAAF [/]
2025-11-23 07:57:06 - socketio.server - INFO - received event "join_workspace" from x_4EIThrPQUpZSUqAAAF [/]
x_4EIThrPQUpZSUqAAAF is entering room workspace_1 [/]
2025-11-23 07:57:06 - socketio.server - INFO - x_4EIThrPQUpZSUqAAAF is entering room workspace_1 [/]
2025-11-23 07:57:06 - websockets - INFO - 👥 Cliente x_4EIThrPQUpZSUqAAAF joined room: workspace_1
emitting event "joined_workspace" to x_4EIThrPQUpZSUqAAAF [/]
2025-11-23 07:57:06 - socketio.server - INFO - emitting event "joined_workspace" to x_4EIThrPQUpZSUqAAAF [/]
received event "join_workspace" from x_4EIThrPQUpZSUqAAAF [/]
2025-11-23 07:57:06 - socketio.server - INFO - received event "join_workspace" from x_4EIThrPQUpZSUqAAAF [/]
x_4EIThrPQUpZSUqAAAF is entering room workspace_1 [/]
2025-11-23 07:57:06 - socketio.server - INFO - x_4EIThrPQUpZSUqAAAF is entering room workspace_1 [/]
2025-11-23 07:57:06 - websockets - INFO - 👥 Cliente x_4EIThrPQUpZSUqAAAF joined room: workspace_1
emitting event "joined_workspace" to x_4EIThrPQUpZSUqAAAF [/]
2025-11-23 07:57:06 - socketio.server - INFO - emitting event "joined_workspace" to x_4EIThrPQUpZSUqAAAF [/]
received event "join_workspace" from x_4EIThrPQUpZSUqAAAF [/]
2025-11-23 07:57:06 - socketio.server - INFO - received event "join_workspace" from x_4EIThrPQUpZSUqAAAF [/]
x_4EIThrPQUpZSUqAAAF is entering room workspace_1 [/]
2025-11-23 07:57:06 - socketio.server - INFO - x_4EIThrPQUpZSUqAAAF is entering room workspace_1 [/]
2025-11-23 07:57:06 - websockets - INFO - 👥 Cliente x_4EIThrPQUpZSUqAAAF joined room: workspace_1
emitting event "joined_workspace" to x_4EIThrPQUpZSUqAAAF [/]
2025-11-23 07:57:06 - socketio.server - INFO - emitting event "joined_workspace" to x_4EIThrPQUpZSUqAAAF [/]
received event "leave_workspace" from x_4EIThrPQUpZSUqAAAF [/]
2025-11-23 07:57:07 - socketio.server - INFO - received event "leave_workspace" from x_4EIThrPQUpZSUqAAAF [/]
x_4EIThrPQUpZSUqAAAF is leaving room workspace_1 [/]
2025-11-23 07:57:07 - socketio.server - INFO - x_4EIThrPQUpZSUqAAAF is leaving room workspace_1 [/]
received event "leave_workspace" from x_4EIThrPQUpZSUqAAAF [/]
2025-11-23 07:57:07 - websockets - INFO - 👋 Cliente x_4EIThrPQUpZSUqAAAF left room: workspace_1
emitting event "left_workspace" to x_4EIThrPQUpZSUqAAAF [/]
2025-11-23 07:57:07 - socketio.server - INFO - received event "leave_workspace" from x_4EIThrPQUpZSUqAAAF [/]
2025-11-23 07:57:07 - socketio.server - INFO - emitting event "left_workspace" to x_4EIThrPQUpZSUqAAAF [/]
x_4EIThrPQUpZSUqAAAF is leaving room workspace_1 [/]
2025-11-23 07:57:07 - socketio.server - INFO - x_4EIThrPQUpZSUqAAAF is leaving room workspace_1 [/]
2025-11-23 07:57:07 - websockets - INFO - 👋 Cliente x_4EIThrPQUpZSUqAAAF left room: workspace_1
emitting event "left_workspace" to x_4EIThrPQUpZSUqAAAF [/]
2025-11-23 07:57:07 - socketio.server - INFO - emitting event "left_workspace" to x_4EIThrPQUpZSUqAAAF [/]
received event "join_workspace" from x_4EIThrPQUpZSUqAAAF [/]
2025-11-23 07:57:07 - socketio.server - INFO - received event "join_workspace" from x_4EIThrPQUpZSUqAAAF [/]
x_4EIThrPQUpZSUqAAAF is entering room workspace_1 [/]
2025-11-23 07:57:07 - socketio.server - INFO - x_4EIThrPQUpZSUqAAAF is entering room workspace_1 [/]
received event "join_workspace" from x_4EIThrPQUpZSUqAAAF [/]
2025-11-23 07:57:07 - socketio.server - INFO - received event "join_workspace" from x_4EIThrPQUpZSUqAAAF [/]
x_4EIThrPQUpZSUqAAAF is entering room workspace_1 [/]
2025-11-23 07:57:07 - websockets - INFO - 👥 Cliente x_4EIThrPQUpZSUqAAAF joined room: workspace_1
emitting event "joined_workspace" to x_4EIThrPQUpZSUqAAAF [/]
2025-11-23 07:57:07 - socketio.server - INFO - emitting event "joined_workspace" to x_4EIThrPQUpZSUqAAAF [/]
2025-11-23 07:57:07 - socketio.server - INFO - x_4EIThrPQUpZSUqAAAF is entering room workspace_1 [/]
2025-11-23 07:57:07 - websockets - INFO - 👥 Cliente x_4EIThrPQUpZSUqAAAF joined room: workspace_1
emitting event "joined_workspace" to x_4EIThrPQUpZSUqAAAF [/]
2025-11-23 07:57:07 - socketio.server - INFO - emitting event "joined_workspace" to x_4EIThrPQUpZSUqAAAF [/]
received event "leave_workspace" from x_4EIThrPQUpZSUqAAAF [/]
2025-11-23 07:57:07 - socketio.server - INFO - received event "leave_workspace" from x_4EIThrPQUpZSUqAAAF [/]
x_4EIThrPQUpZSUqAAAF is leaving room workspace_1 [/]
2025-11-23 07:57:07 - socketio.server - INFO - x_4EIThrPQUpZSUqAAAF is leaving room workspace_1 [/]
2025-11-23 07:57:07 - websockets - INFO - 👋 Cliente x_4EIThrPQUpZSUqAAAF left room: workspace_1
emitting event "left_workspace" to x_4EIThrPQUpZSUqAAAF [/]
2025-11-23 07:57:07 - socketio.server - INFO - emitting event "left_workspace" to x_4EIThrPQUpZSUqAAAF [/]
received event "leave_workspace" from x_4EIThrPQUpZSUqAAAF [/]
2025-11-23 07:57:07 - socketio.server - INFO - received event "leave_workspace" from x_4EIThrPQUpZSUqAAAF [/]
x_4EIThrPQUpZSUqAAAF is leaving room workspace_1 [/]
2025-11-23 07:57:07 - socketio.server - INFO - x_4EIThrPQUpZSUqAAAF is leaving room workspace_1 [/]
2025-11-23 07:57:07 - websockets - INFO - 👋 Cliente x_4EIThrPQUpZSUqAAAF left room: workspace_1
emitting event "left_workspace" to x_4EIThrPQUpZSUqAAAF [/]
2025-11-23 07:57:07 - socketio.server - INFO - emitting event "left_workspace" to x_4EIThrPQUpZSUqAAAF [/]
received event "join_workspace" from x_4EIThrPQUpZSUqAAAF [/]
2025-11-23 07:57:07 - socketio.server - INFO - received event "join_workspace" from x_4EIThrPQUpZSUqAAAF [/]
x_4EIThrPQUpZSUqAAAF is entering room workspace_1 [/]
2025-11-23 07:57:07 - socketio.server - INFO - x_4EIThrPQUpZSUqAAAF is entering room workspace_1 [/]
received event "join_workspace" from x_4EIThrPQUpZSUqAAAF [/]
2025-11-23 07:57:07 - websockets - INFO - 👥 Cliente x_4EIThrPQUpZSUqAAAF joined room: workspace_1
emitting event "joined_workspace" to x_4EIThrPQUpZSUqAAAF [/]
2025-11-23 07:57:07 - socketio.server - INFO - emitting event "joined_workspace" to x_4EIThrPQUpZSUqAAAF [/]
2025-11-23 07:57:07 - socketio.server - INFO - received event "join_workspace" from x_4EIThrPQUpZSUqAAAF [/]
x_4EIThrPQUpZSUqAAAF is entering room workspace_1 [/]
2025-11-23 07:57:07 - socketio.server - INFO - x_4EIThrPQUpZSUqAAAF is entering room workspace_1 [/]
2025-11-23 07:57:07 - websockets - INFO - 👥 Cliente x_4EIThrPQUpZSUqAAAF joined room: workspace_1
emitting event "joined_workspace" to x_4EIThrPQUpZSUqAAAF [/]
2025-11-23 07:57:07 - socketio.server - INFO - emitting event "joined_workspace" to x_4EIThrPQUpZSUqAAAF [/]
received event "leave_workspace" from x_4EIThrPQUpZSUqAAAF [/]
2025-11-23 07:57:21 - socketio.server - INFO - received event "leave_workspace" from x_4EIThrPQUpZSUqAAAF [/]
x_4EIThrPQUpZSUqAAAF is leaving room workspace_1 [/]
2025-11-23 07:57:21 - socketio.server - INFO - x_4EIThrPQUpZSUqAAAF is leaving room workspace_1 [/]
2025-11-23 07:57:21 - websockets - INFO - 👋 Cliente x_4EIThrPQUpZSUqAAAF left room: workspace_1
emitting event "left_workspace" to x_4EIThrPQUpZSUqAAAF [/]
2025-11-23 07:57:21 - socketio.server - INFO - emitting event "left_workspace" to x_4EIThrPQUpZSUqAAAF [/]
received event "join_workspace" from x_4EIThrPQUpZSUqAAAF [/]
2025-11-23 07:57:21 - socketio.server - INFO - received event "join_workspace" from x_4EIThrPQUpZSUqAAAF [/]
x_4EIThrPQUpZSUqAAAF is entering room workspace_1 [/]
2025-11-23 07:57:21 - socketio.server - INFO - x_4EIThrPQUpZSUqAAAF is entering room workspace_1 [/]
2025-11-23 07:57:21 - websockets - INFO - 👥 Cliente x_4EIThrPQUpZSUqAAAF joined room: workspace_1
emitting event "joined_workspace" to x_4EIThrPQUpZSUqAAAF [/]
2025-11-23 07:57:21 - socketio.server - INFO - emitting event "joined_workspace" to x_4EIThrPQUpZSUqAAAF [/]
2025-11-23 07:57:21,783 INFO sqlalchemy.engine.Engine BEGIN (implicit)
2025-11-23 07:57:21 - sqlalchemy.engine.Engine - INFO - BEGIN (implicit)
2025-11-23 07:57:21,786 INFO sqlalchemy.engine.Engine SELECT scans.id AS scans_id, scans.scan_type AS scans_scan_type, scans.target AS scans_target, scans.status AS scans_status, scans.options AS scans_options, scans.progress AS scans_progress, scans.output AS scans_output, scans.error AS scans_error, scans.started_at AS scans_started_at, scans.completed_at AS scans_completed_at, scans.created_at AS scans_created_at, scans.workspace_id AS scans_workspace_id, scans.user_id AS scans_user_id 
FROM scans 
WHERE scans.user_id = ? AND scans.workspace_id = ? ORDER BY scans.created_at DESC
2025-11-23 07:57:21 - sqlalchemy.engine.Engine - INFO - SELECT scans.id AS scans_id, scans.scan_type AS scans_scan_type, scans.target AS scans_target, scans.status AS scans_status, scans.options AS scans_options, scans.progress AS scans_progress, scans.output AS scans_output, scans.error AS scans_error, scans.started_at AS scans_started_at, scans.completed_at AS scans_completed_at, scans.created_at AS scans_created_at, scans.workspace_id AS scans_workspace_id, scans.user_id AS scans_user_id 
FROM scans 
WHERE scans.user_id = ? AND scans.workspace_id = ? ORDER BY scans.created_at DESC
2025-11-23 07:57:21,787 INFO sqlalchemy.engine.Engine [cached since 1166s ago] ('1', 1)
2025-11-23 07:57:21 - sqlalchemy.engine.Engine - INFO - [cached since 1166s ago] ('1', 1)
2025-11-23 07:57:21,789 INFO sqlalchemy.engine.Engine ROLLBACK
2025-11-23 07:57:21 - sqlalchemy.engine.Engine - INFO - ROLLBACK
received event "leave_workspace" from x_4EIThrPQUpZSUqAAAF [/]
2025-11-23 07:57:21 - socketio.server - INFO - received event "leave_workspace" from x_4EIThrPQUpZSUqAAAF [/]
x_4EIThrPQUpZSUqAAAF is leaving room workspace_1 [/]
2025-11-23 07:57:21 - socketio.server - INFO - x_4EIThrPQUpZSUqAAAF is leaving room workspace_1 [/]
2025-11-23 07:57:21 - websockets - INFO - 👋 Cliente x_4EIThrPQUpZSUqAAAF left room: workspace_1
emitting event "left_workspace" to x_4EIThrPQUpZSUqAAAF [/]
2025-11-23 07:57:21 - socketio.server - INFO - emitting event "left_workspace" to x_4EIThrPQUpZSUqAAAF [/]
received event "join_workspace" from x_4EIThrPQUpZSUqAAAF [/]
2025-11-23 07:57:21 - socketio.server - INFO - received event "join_workspace" from x_4EIThrPQUpZSUqAAAF [/]
x_4EIThrPQUpZSUqAAAF is entering room workspace_1 [/]
2025-11-23 07:57:21 - socketio.server - INFO - x_4EIThrPQUpZSUqAAAF is entering room workspace_1 [/]
2025-11-23 07:57:21 - websockets - INFO - 👥 Cliente x_4EIThrPQUpZSUqAAAF joined room: workspace_1
emitting event "joined_workspace" to x_4EIThrPQUpZSUqAAAF [/]
2025-11-23 07:57:21 - socketio.server - INFO - emitting event "joined_workspace" to x_4EIThrPQUpZSUqAAAF [/]
received event "leave_workspace" from x_4EIThrPQUpZSUqAAAF [/]
2025-11-23 07:57:25 - socketio.server - INFO - received event "leave_workspace" from x_4EIThrPQUpZSUqAAAF [/]
x_4EIThrPQUpZSUqAAAF is leaving room workspace_1 [/]
2025-11-23 07:57:25 - socketio.server - INFO - x_4EIThrPQUpZSUqAAAF is leaving room workspace_1 [/]
2025-11-23 07:57:25 - websockets - INFO - 👋 Cliente x_4EIThrPQUpZSUqAAAF left room: workspace_1
emitting event "left_workspace" to x_4EIThrPQUpZSUqAAAF [/]
2025-11-23 07:57:25 - socketio.server - INFO - emitting event "left_workspace" to x_4EIThrPQUpZSUqAAAF [/]
received event "leave_workspace" from x_4EIThrPQUpZSUqAAAF [/]
2025-11-23 07:57:25 - socketio.server - INFO - received event "leave_workspace" from x_4EIThrPQUpZSUqAAAF [/]
x_4EIThrPQUpZSUqAAAF is leaving room workspace_1 [/]
2025-11-23 07:57:25 - socketio.server - INFO - x_4EIThrPQUpZSUqAAAF is leaving room workspace_1 [/]
2025-11-23 07:57:25 - websockets - INFO - 👋 Cliente x_4EIThrPQUpZSUqAAAF left room: workspace_1
emitting event "left_workspace" to x_4EIThrPQUpZSUqAAAF [/]
2025-11-23 07:57:25 - socketio.server - INFO - emitting event "left_workspace" to x_4EIThrPQUpZSUqAAAF [/]
received event "leave_workspace" from x_4EIThrPQUpZSUqAAAF [/]
2025-11-23 07:57:25 - socketio.server - INFO - received event "leave_workspace" from x_4EIThrPQUpZSUqAAAF [/]
x_4EIThrPQUpZSUqAAAF is leaving room workspace_1 [/]
2025-11-23 07:57:25 - socketio.server - INFO - x_4EIThrPQUpZSUqAAAF is leaving room workspace_1 [/]
2025-11-23 07:57:25 - websockets - INFO - 👋 Cliente x_4EIThrPQUpZSUqAAAF left room: workspace_1
emitting event "left_workspace" to x_4EIThrPQUpZSUqAAAF [/]
2025-11-23 07:57:25 - socketio.server - INFO - emitting event "left_workspace" to x_4EIThrPQUpZSUqAAAF [/]
received event "leave_workspace" from x_4EIThrPQUpZSUqAAAF [/]
2025-11-23 07:57:25 - socketio.server - INFO - received event "leave_workspace" from x_4EIThrPQUpZSUqAAAF [/]
x_4EIThrPQUpZSUqAAAF is leaving room workspace_1 [/]
2025-11-23 07:57:25 - socketio.server - INFO - x_4EIThrPQUpZSUqAAAF is leaving room workspace_1 [/]
2025-11-23 07:57:25 - websockets - INFO - 👋 Cliente x_4EIThrPQUpZSUqAAAF left room: workspace_1
emitting event "left_workspace" to x_4EIThrPQUpZSUqAAAF [/]
2025-11-23 07:57:25 - socketio.server - INFO - emitting event "left_workspace" to x_4EIThrPQUpZSUqAAAF [/]
received event "join_workspace" from x_4EIThrPQUpZSUqAAAF [/]
2025-11-23 07:57:25 - socketio.server - INFO - received event "join_workspace" from x_4EIThrPQUpZSUqAAAF [/]
x_4EIThrPQUpZSUqAAAF is entering room workspace_1 [/]
2025-11-23 07:57:25 - socketio.server - INFO - x_4EIThrPQUpZSUqAAAF is entering room workspace_1 [/]
received event "leave_workspace" from x_4EIThrPQUpZSUqAAAF [/]
2025-11-23 07:57:25 - websockets - INFO - 👥 Cliente x_4EIThrPQUpZSUqAAAF joined room: workspace_1
emitting event "joined_workspace" to x_4EIThrPQUpZSUqAAAF [/]
2025-11-23 07:57:25 - socketio.server - INFO - emitting event "joined_workspace" to x_4EIThrPQUpZSUqAAAF [/]
2025-11-23 07:57:25 - socketio.server - INFO - received event "leave_workspace" from x_4EIThrPQUpZSUqAAAF [/]
x_4EIThrPQUpZSUqAAAF is leaving room workspace_1 [/]
2025-11-23 07:57:25 - socketio.server - INFO - x_4EIThrPQUpZSUqAAAF is leaving room workspace_1 [/]
2025-11-23 07:57:25 - websockets - INFO - 👋 Cliente x_4EIThrPQUpZSUqAAAF left room: workspace_1
emitting event "left_workspace" to x_4EIThrPQUpZSUqAAAF [/]
2025-11-23 07:57:25 - socketio.server - INFO - emitting event "left_workspace" to x_4EIThrPQUpZSUqAAAF [/]
received event "join_workspace" from x_4EIThrPQUpZSUqAAAF [/]
2025-11-23 07:57:25 - socketio.server - INFO - received event "join_workspace" from x_4EIThrPQUpZSUqAAAF [/]
x_4EIThrPQUpZSUqAAAF is entering room workspace_1 [/]
2025-11-23 07:57:25 - socketio.server - INFO - x_4EIThrPQUpZSUqAAAF is entering room workspace_1 [/]
2025-11-23 07:57:25 - websockets - INFO - 👥 Cliente x_4EIThrPQUpZSUqAAAF joined room: workspace_1
emitting event "joined_workspace" to x_4EIThrPQUpZSUqAAAF [/]
2025-11-23 07:57:25 - socketio.server - INFO - emitting event "joined_workspace" to x_4EIThrPQUpZSUqAAAF [/]
received event "leave_workspace" from x_4EIThrPQUpZSUqAAAF [/]
2025-11-23 07:57:27 - socketio.server - INFO - received event "leave_workspace" from x_4EIThrPQUpZSUqAAAF [/]
x_4EIThrPQUpZSUqAAAF is leaving room workspace_1 [/]
2025-11-23 07:57:27 - socketio.server - INFO - x_4EIThrPQUpZSUqAAAF is leaving room workspace_1 [/]
2025-11-23 07:57:27 - websockets - INFO - 👋 Cliente x_4EIThrPQUpZSUqAAAF left room: workspace_1
emitting event "left_workspace" to x_4EIThrPQUpZSUqAAAF [/]
2025-11-23 07:57:27 - socketio.server - INFO - emitting event "left_workspace" to x_4EIThrPQUpZSUqAAAF [/]
received event "ping" from x_4EIThrPQUpZSUqAAAF [/]
2025-11-23 07:57:31 - socketio.server - INFO - received event "ping" from x_4EIThrPQUpZSUqAAAF [/]
emitting event "pong" to x_4EIThrPQUpZSUqAAAF [/]
2025-11-23 07:57:31 - socketio.server - INFO - emitting event "pong" to x_4EIThrPQUpZSUqAAAF [/]
2025-11-23 07:57:36 - websockets - INFO - ❌ Cliente desconectado: x_4EIThrPQUpZSUqAAAF
2025-11-23 07:57:36 - werkzeug - ERROR - Error on request:
Traceback (most recent call last):
  File "/home/kali/.local/lib/python3.13/site-packages/werkzeug/serving.py", line 364, in run_wsgi
    execute(self.server.app)
    ~~~~~~~^^^^^^^^^^^^^^^^^
  File "/home/kali/.local/lib/python3.13/site-packages/werkzeug/serving.py", line 330, in execute
    write(b"")
    ~~~~~^^^^^
  File "/home/kali/.local/lib/python3.13/site-packages/werkzeug/serving.py", line 255, in write
    assert status_set is not None, "write() before start_response"
           ^^^^^^^^^^^^^^^^^^^^^^
AssertionError: write() before start_response
2025-11-23 07:57:42,739 INFO sqlalchemy.engine.Engine BEGIN (implicit)
2025-11-23 07:57:42 - sqlalchemy.engine.Engine - INFO - BEGIN (implicit)
2025-11-23 07:57:42,742 INFO sqlalchemy.engine.Engine SELECT users.id AS users_id, users.username AS users_username, users.email AS users_email, users.password_hash AS users_password_hash, users.role AS users_role, users.is_active AS users_is_active, users.is_verified AS users_is_verified, users.created_at AS users_created_at, users.updated_at AS users_updated_at, users.last_login AS users_last_login 
FROM users 
WHERE users.id = ?
2025-11-23 07:57:42 - sqlalchemy.engine.Engine - INFO - SELECT users.id AS users_id, users.username AS users_username, users.email AS users_email, users.password_hash AS users_password_hash, users.role AS users_role, users.is_active AS users_is_active, users.is_verified AS users_is_verified, users.created_at AS users_created_at, users.updated_at AS users_updated_at, users.last_login AS users_last_login 
FROM users 
WHERE users.id = ?
2025-11-23 07:57:42,757 INFO sqlalchemy.engine.Engine [cached since 484.7s ago] ('1',)
2025-11-23 07:57:42 - sqlalchemy.engine.Engine - INFO - [cached since 484.7s ago] ('1',)
2025-11-23 07:57:42,765 INFO sqlalchemy.engine.Engine ROLLBACK
2025-11-23 07:57:42 - sqlalchemy.engine.Engine - INFO - ROLLBACK
2025-11-23 07:57:42,787 INFO sqlalchemy.engine.Engine BEGIN (implicit)
2025-11-23 07:57:42 - sqlalchemy.engine.Engine - INFO - BEGIN (implicit)
2025-11-23 07:57:42,788 INFO sqlalchemy.engine.Engine SELECT users.id AS users_id, users.username AS users_username, users.email AS users_email, users.password_hash AS users_password_hash, users.role AS users_role, users.is_active AS users_is_active, users.is_verified AS users_is_verified, users.created_at AS users_created_at, users.updated_at AS users_updated_at, users.last_login AS users_last_login 
FROM users 
WHERE users.id = ?
2025-11-23 07:57:42 - sqlalchemy.engine.Engine - INFO - SELECT users.id AS users_id, users.username AS users_username, users.email AS users_email, users.password_hash AS users_password_hash, users.role AS users_role, users.is_active AS users_is_active, users.is_verified AS users_is_verified, users.created_at AS users_created_at, users.updated_at AS users_updated_at, users.last_login AS users_last_login 
FROM users 
WHERE users.id = ?
2025-11-23 07:57:42,789 INFO sqlalchemy.engine.Engine [cached since 484.7s ago] ('1',)
2025-11-23 07:57:42 - sqlalchemy.engine.Engine - INFO - [cached since 484.7s ago] ('1',)
2025-11-23 07:57:42,799 INFO sqlalchemy.engine.Engine BEGIN (implicit)
2025-11-23 07:57:42 - sqlalchemy.engine.Engine - INFO - BEGIN (implicit)
2025-11-23 07:57:42,805 INFO sqlalchemy.engine.Engine INSERT INTO audit_logs (user_id, action, resource_type, resource_id, ip_address, user_agent, success, error_message, created_at) VALUES (?, ?, ?, ?, ?, ?, ?, ?, ?)
2025-11-23 07:57:42 - sqlalchemy.engine.Engine - INFO - INSERT INTO audit_logs (user_id, action, resource_type, resource_id, ip_address, user_agent, success, error_message, created_at) VALUES (?, ?, ?, ?, ?, ?, ?, ?, ?)
2025-11-23 07:57:42,806 INFO sqlalchemy.engine.Engine [cached since 1192s ago] ('1', 'logout', None, None, '192.168.0.6', None, 1, None, '2025-11-23 12:57:42.805409')
2025-11-23 07:57:42 - sqlalchemy.engine.Engine - INFO - [cached since 1192s ago] ('1', 'logout', None, None, '192.168.0.6', None, 1, None, '2025-11-23 12:57:42.805409')
2025-11-23 07:57:42,809 INFO sqlalchemy.engine.Engine COMMIT
2025-11-23 07:57:42 - sqlalchemy.engine.Engine - INFO - COMMIT
2025-11-23 07:57:42,804 INFO sqlalchemy.engine.Engine ROLLBACK
2025-11-23 07:57:42 - sqlalchemy.engine.Engine - INFO - ROLLBACK
2025-11-23 07:57:42,822 INFO sqlalchemy.engine.Engine BEGIN (implicit)
2025-11-23 07:57:42 - sqlalchemy.engine.Engine - INFO - BEGIN (implicit)
2025-11-23 07:57:42,823 INFO sqlalchemy.engine.Engine INSERT INTO audit_logs (user_id, action, resource_type, resource_id, ip_address, user_agent, success, error_message, created_at) VALUES (?, ?, ?, ?, ?, ?, ?, ?, ?)
2025-11-23 07:57:42 - sqlalchemy.engine.Engine - INFO - INSERT INTO audit_logs (user_id, action, resource_type, resource_id, ip_address, user_agent, success, error_message, created_at) VALUES (?, ?, ?, ?, ?, ?, ?, ?, ?)
2025-11-23 07:57:42,823 INFO sqlalchemy.engine.Engine [cached since 1192s ago] ('1', 'logout', None, None, '192.168.0.6', None, 1, None, '2025-11-23 12:57:42.823406')
2025-11-23 07:57:42 - sqlalchemy.engine.Engine - INFO - [cached since 1192s ago] ('1', 'logout', None, None, '192.168.0.6', None, 1, None, '2025-11-23 12:57:42.823406')
2025-11-23 07:57:42,847 INFO sqlalchemy.engine.Engine COMMIT
2025-11-23 07:57:42 - sqlalchemy.engine.Engine - INFO - COMMIT
